[H[2J[3J[?25l[42;35m╔[0m[42;30m═[0m[42;30m═[0m[42;30m═[0m[42;30m═[0m[42;30m═[0m[42;30m═[0m[42;30m═[0m[42;30m═[0m[42;30m═[0m[42;30m═[0m[42;30m═[0m[42;30m═[0m[42;30m═[0m[42;30m═[0m[42;30m═[0m[42;30m═[0m[42;30m═[0m[42;30m═[0m[42;30m═[0m[42;30m═[0m[42;30m═[0m[42;30m═[0m[42;30m═[0m[42;30m═[0m[42;30m═[0m[42;30m═[0m[42;30m═[0m[42;30m═[0m[42;30m═[0m[42;30m═[0m[42;30m═[0m[42;30m═[0m[42;30m═[0m[42;30m═[0m[42;35m╗[0m
[42;30m║[0m                                  [42;30m║[0m
[42;30m║[0m                                  [42;30m║[0m
[42;30m║[0m                                  [42;30m║[0m
[42;30m║[0m                                  [42;30m║[0m
[42;30m║[0m                                  [42;30m║[0m
[42;30m║[0m                                  [42;30m║[0m
[42;30m║[0m                                  [42;30m║[0m
[42;30m║[0m                                  [42;30m║[0m
[42;30m║[0m                                  [42;30m║[0m
[42;30m║[0m                                  [42;30m║[0m
[42;30m║[0m                                  [42;30m║[0m
[42;30m║[0m                                  [42;30m║[0m
[42;30m║[0m                                  [42;30m║[0m
[42;30m║[0m                                  [42;30m║[0m
[42;30m║[0m                                  [42;30m║[0m
[42;30m║[0m                                  [42;30m║[0m
[42;30m║[0m                                  [42;30m║[0m
[42;30m║[0m                                  [42;30m║[0m
[42;35m╚[0m[42;30m═[0m[42;30m═[0m[42;30m═[0m[42;30m═[0m[42;30m═[0m[42;30m═[0m[42;30m═[0m[42;30m═[0m[42;30m═[0m[42;30m═[0m[42;30m═[0m[42;30m═[0m[42;30m═[0m[42;30m═[0m[42;30m═[0m[42;30m═[0m[42;30m═[0m[42;30m═[0m[42;30m═[0m[42;30m═[0m[42;30m═[0m[42;30m═[0m[42;30m═[0m[42;30m═[0m[42;30m═[0m[42;30m═[0m[42;30m═[0m[42;30m═[0m[42;30m═[0m[42;30m═[0m[42;30m═[0m[42;30m═[0m[42;30m═[0m[42;30m═[0m[42;35m╝[0m
[42;35m╔[0m[42;30m═[0m[42;30m═[0m[42;30m═[0m[42;30m═[0m
[42;30m║[0m    
[42;30m║[0m    
[42;30m║[0m    
[42;30m║[0m    
[?25h